# JRE version: OpenJDK Runtime Environment Temurin-21.0.9+10 (21.0.9+10) (build 21.0.9+10-LTS)
# Java VM: OpenJDK 64-Bit Server VM Temurin-21.0.9+10 (21.0.9+10-LTS, mixed mode, sharing, tiered, compressed oops, compressed class ptrs, parallel gc, windows-amd64)
GC Precious Log:
 CardTable entry size: 512
 CPUs: 12 total, 12 available
 Memory: 32544M
 Large Page Support: Disabled
 NUMA Support: Disabled
 Compressed Oops: Enabled (32-bit)
 Alignments: Space 512K, Generation 512K, Heap 2M
 Heap Min Capacity: 100M
 Heap Initial Capacity: 100M
 Heap Max Capacity: 2G
 Pre-touch: Disabled
 Parallel Workers: 10
Heap:
 PSYoungGen      total 23040K, used 21484K [0x00000000d5580000, 0x00000000d6f00000, 0x0000000100000000)
  eden space 22016K, 94% used [0x00000000d5580000,0x00000000d69bb318,0x00000000d6b00000)
  from space 1024K, 75% used [0x00000000d6e00000,0x00000000d6ec0000,0x00000000d6f00000)
  to   space 1536K, 0% used [0x00000000d6c00000,0x00000000d6c00000,0x00000000d6d80000)
 ParOldGen       total 68608K, used 19614K [0x0000000080000000, 0x0000000084300000, 0x00000000d5580000)
  object space 68608K, 28% used [0x0000000080000000,0x00000000813278c0,0x0000000084300000)
 Metaspace       used 45270K, committed 46272K, reserved 1114112K
  class space    used 4380K, committed 4864K, reserved 1048576K
GC Heap History (20 events):
Event: 7.250 GC heap before
{Heap before GC invocations=9 (full 1):
 PSYoungGen      total 27648K, used 3886K [0x00000000d5580000, 0x00000000d7600000, 0x0000000100000000)
  eden space 23552K, 0% used [0x00000000d5580000,0x00000000d5580000,0x00000000d6c80000)
  from space 4096K, 94% used [0x00000000d7200000,0x00000000d75cbb30,0x00000000d7600000)
  to   space 4608K, 0% used [0x00000000d6d00000,0x00000000d6d00000,0x00000000d7180000)
 ParOldGen       total 68608K, used 9370K [0x0000000080000000, 0x0000000084300000, 0x00000000d5580000)
  object space 68608K, 13% used [0x0000000080000000,0x0000000080926820,0x0000000084300000)
 Metaspace       used 20800K, committed 21504K, reserved 1114112K
  class space    used 1960K, committed 2304K, reserved 1048576K
}
Event: 7.272 GC heap after
{Heap after GC invocations=9 (full 1):
 PSYoungGen      total 27648K, used 0K [0x00000000d5580000, 0x00000000d7600000, 0x0000000100000000)
  eden space 23552K, 0% used [0x00000000d5580000,0x00000000d5580000,0x00000000d6c80000)
  from space 4096K, 0% used [0x00000000d7200000,0x00000000d7200000,0x00000000d7600000)
  to   space 4608K, 0% used [0x00000000d6d00000,0x00000000d6d00000,0x00000000d7180000)
 ParOldGen       total 68608K, used 11816K [0x0000000080000000, 0x0000000084300000, 0x00000000d5580000)
  object space 68608K, 17% used [0x0000000080000000,0x0000000080b8a238,0x0000000084300000)
 Metaspace       used 20786K, committed 21504K, reserved 1114112K
  class space    used 1957K, committed 2304K, reserved 1048576K
}
Event: 7.552 GC heap before
{Heap before GC invocations=10 (full 1):
 PSYoungGen      total 27648K, used 23461K [0x00000000d5580000, 0x00000000d7600000, 0x0000000100000000)
  eden space 23552K, 99% used [0x00000000d5580000,0x00000000d6c69560,0x00000000d6c80000)
  from space 4096K, 0% used [0x00000000d7200000,0x00000000d7200000,0x00000000d7600000)
  to   space 4608K, 0% used [0x00000000d6d00000,0x00000000d6d00000,0x00000000d7180000)
 ParOldGen       total 68608K, used 11816K [0x0000000080000000, 0x0000000084300000, 0x00000000d5580000)
  object space 68608K, 17% used [0x0000000080000000,0x0000000080b8a238,0x0000000084300000)
 Metaspace       used 23303K, committed 24000K, reserved 1114112K
  class space    used 2178K, committed 2496K, reserved 1048576K
}
Event: 7.554 GC heap after
{Heap after GC invocations=10 (full 1):
 PSYoungGen      total 26624K, used 3374K [0x00000000d5580000, 0x00000000d7400000, 0x0000000100000000)
  eden space 23040K, 0% used [0x00000000d5580000,0x00000000d5580000,0x00000000d6c00000)
  from space 3584K, 94% used [0x00000000d6d00000,0x00000000d704bb10,0x00000000d7080000)
  to   space 3584K, 0% used [0x00000000d7080000,0x00000000d7080000,0x00000000d7400000)
 ParOldGen       total 68608K, used 11824K [0x0000000080000000, 0x0000000084300000, 0x00000000d5580000)
  object space 68608K, 17% used [0x0000000080000000,0x0000000080b8c238,0x0000000084300000)
 Metaspace       used 23303K, committed 24000K, reserved 1114112K
  class space    used 2178K, committed 2496K, reserved 1048576K
}
Event: 7.865 GC heap before
{Heap before GC invocations=11 (full 1):
 PSYoungGen      total 26624K, used 26138K [0x00000000d5580000, 0x00000000d7400000, 0x0000000100000000)
  eden space 23040K, 98% used [0x00000000d5580000,0x00000000d6bbafd8,0x00000000d6c00000)
  from space 3584K, 94% used [0x00000000d6d00000,0x00000000d704bb10,0x00000000d7080000)
  to   space 3584K, 0% used [0x00000000d7080000,0x00000000d7080000,0x00000000d7400000)
 ParOldGen       total 68608K, used 11824K [0x0000000080000000, 0x0000000084300000, 0x00000000d5580000)
  object space 68608K, 17% used [0x0000000080000000,0x0000000080b8c238,0x0000000084300000)
 Metaspace       used 26875K, committed 27584K, reserved 1114112K
  class space    used 2428K, committed 2752K, reserved 1048576K
}
Event: 7.866 GC heap after
{Heap after GC invocations=11 (full 1):
 PSYoungGen      total 24064K, used 1393K [0x00000000d5580000, 0x00000000d7200000, 0x0000000100000000)
  eden space 22528K, 0% used [0x00000000d5580000,0x00000000d5580000,0x00000000d6b80000)
  from space 1536K, 90% used [0x00000000d7080000,0x00000000d71dc538,0x00000000d7200000)
  to   space 2560K, 0% used [0x00000000d6d00000,0x00000000d6d00000,0x00000000d6f80000)
 ParOldGen       total 68608K, used 11832K [0x0000000080000000, 0x0000000084300000, 0x00000000d5580000)
  object space 68608K, 17% used [0x0000000080000000,0x0000000080b8e238,0x0000000084300000)
 Metaspace       used 26875K, committed 27584K, reserved 1114112K
  class space    used 2428K, committed 2752K, reserved 1048576K
}
Event: 7.986 GC heap before
{Heap before GC invocations=12 (full 1):
 PSYoungGen      total 24064K, used 23921K [0x00000000d5580000, 0x00000000d7200000, 0x0000000100000000)
  eden space 22528K, 100% used [0x00000000d5580000,0x00000000d6b80000,0x00000000d6b80000)
  from space 1536K, 90% used [0x00000000d7080000,0x00000000d71dc538,0x00000000d7200000)
  to   space 2560K, 0% used [0x00000000d6d00000,0x00000000d6d00000,0x00000000d6f80000)
 ParOldGen       total 68608K, used 11832K [0x0000000080000000, 0x0000000084300000, 0x00000000d5580000)
  object space 68608K, 17% used [0x0000000080000000,0x0000000080b8e238,0x0000000084300000)
 Metaspace       used 28246K, committed 28992K, reserved 1114112K
  class space    used 2504K, committed 2880K, reserved 1048576K
}
Event: 7.987 GC heap after
{Heap after GC invocations=12 (full 1):
 PSYoungGen      total 24576K, used 2366K [0x00000000d5580000, 0x00000000d7100000, 0x0000000100000000)
  eden space 22016K, 0% used [0x00000000d5580000,0x00000000d5580000,0x00000000d6b00000)
  from space 2560K, 92% used [0x00000000d6d00000,0x00000000d6f4f9b0,0x00000000d6f80000)
  to   space 1536K, 0% used [0x00000000d6f80000,0x00000000d6f80000,0x00000000d7100000)
 ParOldGen       total 68608K, used 13059K [0x0000000080000000, 0x0000000084300000, 0x00000000d5580000)
  object space 68608K, 19% used [0x0000000080000000,0x0000000080cc0f38,0x0000000084300000)
 Metaspace       used 28246K, committed 28992K, reserved 1114112K
  class space    used 2504K, committed 2880K, reserved 1048576K
}
Event: 8.566 GC heap before
{Heap before GC invocations=13 (full 1):
 PSYoungGen      total 24576K, used 24382K [0x00000000d5580000, 0x00000000d7100000, 0x0000000100000000)
  eden space 22016K, 100% used [0x00000000d5580000,0x00000000d6b00000,0x00000000d6b00000)
  from space 2560K, 92% used [0x00000000d6d00000,0x00000000d6f4f9b0,0x00000000d6f80000)
  to   space 1536K, 0% used [0x00000000d6f80000,0x00000000d6f80000,0x00000000d7100000)
 ParOldGen       total 68608K, used 13059K [0x0000000080000000, 0x0000000084300000, 0x00000000d5580000)
  object space 68608K, 19% used [0x0000000080000000,0x0000000080cc0f38,0x0000000084300000)
 Metaspace       used 32086K, committed 32960K, reserved 1114112K
  class space    used 2862K, committed 3264K, reserved 1048576K
}
Event: 8.569 GC heap after
{Heap after GC invocations=13 (full 1):
 PSYoungGen      total 23552K, used 1516K [0x00000000d5580000, 0x00000000d7300000, 0x0000000100000000)
  eden space 22016K, 0% used [0x00000000d5580000,0x00000000d5580000,0x00000000d6b00000)
  from space 1536K, 98% used [0x00000000d6f80000,0x00000000d70fb220,0x00000000d7100000)
  to   space 4096K, 0% used [0x00000000d6b00000,0x00000000d6b00000,0x00000000d6f00000)
 ParOldGen       total 68608K, used 15216K [0x0000000080000000, 0x0000000084300000, 0x00000000d5580000)
  object space 68608K, 22% used [0x0000000080000000,0x0000000080edc188,0x0000000084300000)
 Metaspace       used 32086K, committed 32960K, reserved 1114112K
  class space    used 2862K, committed 3264K, reserved 1048576K
}
Event: 9.175 GC heap before
{Heap before GC invocations=14 (full 1):
 PSYoungGen      total 23552K, used 20545K [0x00000000d5580000, 0x00000000d7300000, 0x0000000100000000)
  eden space 22016K, 86% used [0x00000000d5580000,0x00000000d6815388,0x00000000d6b00000)
  from space 1536K, 98% used [0x00000000d6f80000,0x00000000d70fb220,0x00000000d7100000)
  to   space 4096K, 0% used [0x00000000d6b00000,0x00000000d6b00000,0x00000000d6f00000)
 ParOldGen       total 68608K, used 15216K [0x0000000080000000, 0x0000000084300000, 0x00000000d5580000)
  object space 68608K, 22% used [0x0000000080000000,0x0000000080edc188,0x0000000084300000)
 Metaspace       used 34993K, committed 35840K, reserved 1114112K
  class space    used 3227K, committed 3648K, reserved 1048576K
}
Event: 9.178 GC heap after
{Heap after GC invocations=14 (full 1):
 PSYoungGen      total 23040K, used 836K [0x00000000d5580000, 0x00000000d7000000, 0x0000000100000000)
  eden space 22016K, 0% used [0x00000000d5580000,0x00000000d5580000,0x00000000d6b00000)
  from space 1024K, 81% used [0x00000000d6b00000,0x00000000d6bd1080,0x00000000d6c00000)
  to   space 2048K, 0% used [0x00000000d6e00000,0x00000000d6e00000,0x00000000d7000000)
 ParOldGen       total 68608K, used 16569K [0x0000000080000000, 0x0000000084300000, 0x00000000d5580000)
  object space 68608K, 24% used [0x0000000080000000,0x000000008102e6f8,0x0000000084300000)
 Metaspace       used 34993K, committed 35840K, reserved 1114112K
  class space    used 3227K, committed 3648K, reserved 1048576K
}
Event: 9.178 GC heap before
{Heap before GC invocations=15 (full 2):
 PSYoungGen      total 23040K, used 836K [0x00000000d5580000, 0x00000000d7000000, 0x0000000100000000)
  eden space 22016K, 0% used [0x00000000d5580000,0x00000000d5580000,0x00000000d6b00000)
  from space 1024K, 81% used [0x00000000d6b00000,0x00000000d6bd1080,0x00000000d6c00000)
  to   space 2048K, 0% used [0x00000000d6e00000,0x00000000d6e00000,0x00000000d7000000)
 ParOldGen       total 68608K, used 16569K [0x0000000080000000, 0x0000000084300000, 0x00000000d5580000)
  object space 68608K, 24% used [0x0000000080000000,0x000000008102e6f8,0x0000000084300000)
 Metaspace       used 34993K, committed 35840K, reserved 1114112K
  class space    used 3227K, committed 3648K, reserved 1048576K
}
Event: 9.213 GC heap after
{Heap after GC invocations=15 (full 2):
 PSYoungGen      total 23040K, used 0K [0x00000000d5580000, 0x00000000d7000000, 0x0000000100000000)
  eden space 22016K, 0% used [0x00000000d5580000,0x00000000d5580000,0x00000000d6b00000)
  from space 1024K, 0% used [0x00000000d6b00000,0x00000000d6b00000,0x00000000d6c00000)
  to   space 2048K, 0% used [0x00000000d6e00000,0x00000000d6e00000,0x00000000d7000000)
 ParOldGen       total 68608K, used 16717K [0x0000000080000000, 0x0000000084300000, 0x00000000d5580000)
  object space 68608K, 24% used [0x0000000080000000,0x0000000081053480,0x0000000084300000)
 Metaspace       used 34993K, committed 35840K, reserved 1114112K
  class space    used 3227K, committed 3648K, reserved 1048576K
}
Event: 9.742 GC heap before
{Heap before GC invocations=16 (full 2):
 PSYoungGen      total 23040K, used 22016K [0x00000000d5580000, 0x00000000d7000000, 0x0000000100000000)
  eden space 22016K, 100% used [0x00000000d5580000,0x00000000d6b00000,0x00000000d6b00000)
  from space 1024K, 0% used [0x00000000d6b00000,0x00000000d6b00000,0x00000000d6c00000)
  to   space 2048K, 0% used [0x00000000d6e00000,0x00000000d6e00000,0x00000000d7000000)
 ParOldGen       total 68608K, used 16717K [0x0000000080000000, 0x0000000084300000, 0x00000000d5580000)
  object space 68608K, 24% used [0x0000000080000000,0x0000000081053480,0x0000000084300000)
 Metaspace       used 37562K, committed 38528K, reserved 1114112K
  class space    used 3512K, committed 3968K, reserved 1048576K
}
Event: 9.744 GC heap after
{Heap after GC invocations=16 (full 2):
 PSYoungGen      total 24064K, used 1659K [0x00000000d5580000, 0x00000000d7000000, 0x0000000100000000)
  eden space 22016K, 0% used [0x00000000d5580000,0x00000000d5580000,0x00000000d6b00000)
  from space 2048K, 81% used [0x00000000d6e00000,0x00000000d6f9ee00,0x00000000d7000000)
  to   space 2048K, 0% used [0x00000000d6c00000,0x00000000d6c00000,0x00000000d6e00000)
 ParOldGen       total 68608K, used 16725K [0x0000000080000000, 0x0000000084300000, 0x00000000d5580000)
  object space 68608K, 24% used [0x0000000080000000,0x0000000081055480,0x0000000084300000)
 Metaspace       used 37562K, committed 38528K, reserved 1114112K
  class space    used 3512K, committed 3968K, reserved 1048576K
}
Event: 9.972 GC heap before
{Heap before GC invocations=17 (full 2):
 PSYoungGen      total 24064K, used 23675K [0x00000000d5580000, 0x00000000d7000000, 0x0000000100000000)
  eden space 22016K, 100% used [0x00000000d5580000,0x00000000d6b00000,0x00000000d6b00000)
  from space 2048K, 81% used [0x00000000d6e00000,0x00000000d6f9ee00,0x00000000d7000000)
  to   space 2048K, 0% used [0x00000000d6c00000,0x00000000d6c00000,0x00000000d6e00000)
 ParOldGen       total 68608K, used 16725K [0x0000000080000000, 0x0000000084300000, 0x00000000d5580000)
  object space 68608K, 24% used [0x0000000080000000,0x0000000081055480,0x0000000084300000)
 Metaspace       used 39767K, committed 40768K, reserved 1114112K
  class space    used 3744K, committed 4224K, reserved 1048576K
}
Event: 9.975 GC heap after
{Heap after GC invocations=17 (full 2):
 PSYoungGen      total 24064K, used 1792K [0x00000000d5580000, 0x00000000d6f00000, 0x0000000100000000)
  eden space 22016K, 0% used [0x00000000d5580000,0x00000000d5580000,0x00000000d6b00000)
  from space 2048K, 87% used [0x00000000d6c00000,0x00000000d6dc0000,0x00000000d6e00000)
  to   space 1024K, 0% used [0x00000000d6e00000,0x00000000d6e00000,0x00000000d6f00000)
 ParOldGen       total 68608K, used 18051K [0x0000000080000000, 0x0000000084300000, 0x00000000d5580000)
  object space 68608K, 26% used [0x0000000080000000,0x00000000811a0d20,0x0000000084300000)
 Metaspace       used 39767K, committed 40768K, reserved 1114112K
  class space    used 3744K, committed 4224K, reserved 1048576K
}
Event: 10.364 GC heap before
{Heap before GC invocations=18 (full 2):
 PSYoungGen      total 24064K, used 23808K [0x00000000d5580000, 0x00000000d6f00000, 0x0000000100000000)
  eden space 22016K, 100% used [0x00000000d5580000,0x00000000d6b00000,0x00000000d6b00000)
  from space 2048K, 87% used [0x00000000d6c00000,0x00000000d6dc0000,0x00000000d6e00000)
  to   space 1024K, 0% used [0x00000000d6e00000,0x00000000d6e00000,0x00000000d6f00000)
 ParOldGen       total 68608K, used 18051K [0x0000000080000000, 0x0000000084300000, 0x00000000d5580000)
  object space 68608K, 26% used [0x0000000080000000,0x00000000811a0d20,0x0000000084300000)
 Metaspace       used 42683K, committed 43712K, reserved 1114112K
  class space    used 4083K, committed 4544K, reserved 1048576K
}
Event: 10.366 GC heap after
{Heap after GC invocations=18 (full 2):
 PSYoungGen      total 23040K, used 768K [0x00000000d5580000, 0x00000000d6f00000, 0x0000000100000000)
  eden space 22016K, 0% used [0x00000000d5580000,0x00000000d5580000,0x00000000d6b00000)
  from space 1024K, 75% used [0x00000000d6e00000,0x00000000d6ec0000,0x00000000d6f00000)
  to   space 1536K, 0% used [0x00000000d6c00000,0x00000000d6c00000,0x00000000d6d80000)
 ParOldGen       total 68608K, used 19614K [0x0000000080000000, 0x0000000084300000, 0x00000000d5580000)
  object space 68608K, 28% used [0x0000000080000000,0x00000000813278c0,0x0000000084300000)
 Metaspace       used 42683K, committed 43712K, reserved 1114112K
  class space    used 4083K, committed 4544K, reserved 1048576K
}

