# JRE version: Java(TM) SE Runtime Environment (22.0.2+9) (build 22.0.2+9-70)
# Java VM: Java HotSpot(TM) 64-Bit Server VM (22.0.2+9-70, mixed mode, sharing, tiered, compressed oops, compressed class ptrs, g1 gc, windows-amd64)
GC Precious Log:
 CardTable entry size: 512
 Card Set container configuration: InlinePtr #cards 5 size 8 Array Of Cards #cards 12 size 40 Howl #buckets 4 coarsen threshold 1843 Howl Bitmap #cards 512 size 80 coarsen threshold 460 Card regions per heap region 1 cards per card region 2048
 CPUs: 12 total, 12 available
 Memory: 32544M
 Large Page Support: Disabled
 NUMA Support: Disabled
 Compressed Oops: Enabled (32-bit)
 Heap Region Size: 1M
 Heap Min Capacity: 8M
 Heap Initial Capacity: 510M
 Heap Max Capacity: 2G
 Pre-touch: Disabled
 Parallel Workers: 10
 Concurrent Workers: 3
 Concurrent Refinement Workers: 10
 Periodic GC: Disabled
Heap:
 garbage-first heap   total reserved 2097152K, committed 280576K, used 233405K [0x0000000080000000, 0x0000000100000000)
  region size 1024K, 70 young (71680K), 6 survivors (6144K)
 Metaspace       used 146347K, committed 148992K, reserved 1179648K
  class space    used 19267K, committed 20544K, reserved 1048576K
GC Heap History (20 events):
Event: 22.029 GC heap before
{Heap before GC invocations=30 (full 0):
 garbage-first heap   total reserved 2097152K, committed 195584K, used 187212K [0x0000000080000000, 0x0000000100000000)
  region size 1024K, 66 young (67584K), 5 survivors (5120K)
 Metaspace       used 122770K, committed 125248K, reserved 1179648K
  class space    used 16363K, committed 17536K, reserved 1048576K
}
Event: 22.035 GC heap after
{Heap after GC invocations=31 (full 0):
 garbage-first heap   total reserved 2097152K, committed 196608K, used 117845K [0x0000000080000000, 0x0000000100000000)
  region size 1024K, 7 young (7168K), 7 survivors (7168K)
 Metaspace       used 122770K, committed 125248K, reserved 1179648K
  class space    used 16363K, committed 17536K, reserved 1048576K
}
Event: 22.303 GC heap before
{Heap before GC invocations=31 (full 0):
 garbage-first heap   total reserved 2097152K, committed 196608K, used 186453K [0x0000000080000000, 0x0000000100000000)
  region size 1024K, 65 young (66560K), 7 survivors (7168K)
 Metaspace       used 122781K, committed 125248K, reserved 1179648K
  class space    used 16363K, committed 17536K, reserved 1048576K
}
Event: 22.319 GC heap after
{Heap after GC invocations=32 (full 0):
 garbage-first heap   total reserved 2097152K, committed 211968K, used 122934K [0x0000000080000000, 0x0000000100000000)
  region size 1024K, 9 young (9216K), 9 survivors (9216K)
 Metaspace       used 122781K, committed 125248K, reserved 1179648K
  class space    used 16363K, committed 17536K, reserved 1048576K
}
Event: 22.402 GC heap before
{Heap before GC invocations=32 (full 0):
 garbage-first heap   total reserved 2097152K, committed 211968K, used 133174K [0x0000000080000000, 0x0000000100000000)
  region size 1024K, 20 young (20480K), 9 survivors (9216K)
 Metaspace       used 122795K, committed 125248K, reserved 1179648K
  class space    used 16363K, committed 17536K, reserved 1048576K
}
Event: 22.409 GC heap after
{Heap after GC invocations=33 (full 0):
 garbage-first heap   total reserved 2097152K, committed 211968K, used 126939K [0x0000000080000000, 0x0000000100000000)
  region size 1024K, 3 young (3072K), 3 survivors (3072K)
 Metaspace       used 122795K, committed 125248K, reserved 1179648K
  class space    used 16363K, committed 17536K, reserved 1048576K
}
Event: 22.903 GC heap before
{Heap before GC invocations=34 (full 0):
 garbage-first heap   total reserved 2097152K, committed 225280K, used 194523K [0x0000000080000000, 0x0000000100000000)
  region size 1024K, 59 young (60416K), 3 survivors (3072K)
 Metaspace       used 122866K, committed 125312K, reserved 1179648K
  class space    used 16363K, committed 17536K, reserved 1048576K
}
Event: 22.909 GC heap after
{Heap after GC invocations=35 (full 0):
 garbage-first heap   total reserved 2097152K, committed 225280K, used 142072K [0x0000000080000000, 0x0000000100000000)
  region size 1024K, 8 young (8192K), 8 survivors (8192K)
 Metaspace       used 122866K, committed 125312K, reserved 1179648K
  class space    used 16363K, committed 17536K, reserved 1048576K
}
Event: 24.244 GC heap before
{Heap before GC invocations=35 (full 0):
 garbage-first heap   total reserved 2097152K, committed 225280K, used 202488K [0x0000000080000000, 0x0000000100000000)
  region size 1024K, 63 young (64512K), 8 survivors (8192K)
 Metaspace       used 125238K, committed 127744K, reserved 1179648K
  class space    used 16613K, committed 17792K, reserved 1048576K
}
Event: 24.252 GC heap after
{Heap after GC invocations=36 (full 0):
 garbage-first heap   total reserved 2097152K, committed 225280K, used 153269K [0x0000000080000000, 0x0000000100000000)
  region size 1024K, 8 young (8192K), 8 survivors (8192K)
 Metaspace       used 125238K, committed 127744K, reserved 1179648K
  class space    used 16613K, committed 17792K, reserved 1048576K
}
Event: 24.753 GC heap before
{Heap before GC invocations=36 (full 0):
 garbage-first heap   total reserved 2097152K, committed 225280K, used 179893K [0x0000000080000000, 0x0000000100000000)
  region size 1024K, 35 young (35840K), 8 survivors (8192K)
 Metaspace       used 127920K, committed 130432K, reserved 1179648K
  class space    used 16880K, committed 18048K, reserved 1048576K
}
Event: 24.757 GC heap after
{Heap after GC invocations=37 (full 0):
 garbage-first heap   total reserved 2097152K, committed 225280K, used 155225K [0x0000000080000000, 0x0000000100000000)
  region size 1024K, 2 young (2048K), 2 survivors (2048K)
 Metaspace       used 127920K, committed 130432K, reserved 1179648K
  class space    used 16880K, committed 18048K, reserved 1048576K
}
Event: 25.597 GC heap before
{Heap before GC invocations=38 (full 0):
 garbage-first heap   total reserved 2097152K, committed 265216K, used 206425K [0x0000000080000000, 0x0000000100000000)
  region size 1024K, 50 young (51200K), 2 survivors (2048K)
 Metaspace       used 133050K, committed 135616K, reserved 1179648K
  class space    used 17569K, committed 18752K, reserved 1048576K
}
Event: 25.601 GC heap after
{Heap after GC invocations=39 (full 0):
 garbage-first heap   total reserved 2097152K, committed 265216K, used 159529K [0x0000000080000000, 0x0000000100000000)
  region size 1024K, 5 young (5120K), 5 survivors (5120K)
 Metaspace       used 133050K, committed 135616K, reserved 1179648K
  class space    used 17569K, committed 18752K, reserved 1048576K
}
Event: 26.776 GC heap before
{Heap before GC invocations=39 (full 0):
 garbage-first heap   total reserved 2097152K, committed 265216K, used 239401K [0x0000000080000000, 0x0000000100000000)
  region size 1024K, 79 young (80896K), 5 survivors (5120K)
 Metaspace       used 137368K, committed 140032K, reserved 1179648K
  class space    used 18161K, committed 19392K, reserved 1048576K
}
Event: 26.782 GC heap after
{Heap after GC invocations=40 (full 0):
 garbage-first heap   total reserved 2097152K, committed 265216K, used 162586K [0x0000000080000000, 0x0000000100000000)
  region size 1024K, 10 young (10240K), 10 survivors (10240K)
 Metaspace       used 137368K, committed 140032K, reserved 1179648K
  class space    used 18161K, committed 19392K, reserved 1048576K
}
Event: 27.813 GC heap before
{Heap before GC invocations=40 (full 0):
 garbage-first heap   total reserved 2097152K, committed 265216K, used 216858K [0x0000000080000000, 0x0000000100000000)
  region size 1024K, 64 young (65536K), 10 survivors (10240K)
 Metaspace       used 142163K, committed 144832K, reserved 1179648K
  class space    used 18785K, committed 20096K, reserved 1048576K
}
Event: 27.821 GC heap after
{Heap after GC invocations=41 (full 0):
 garbage-first heap   total reserved 2097152K, committed 265216K, used 165931K [0x0000000080000000, 0x0000000100000000)
  region size 1024K, 3 young (3072K), 3 survivors (3072K)
 Metaspace       used 142163K, committed 144832K, reserved 1179648K
  class space    used 18785K, committed 20096K, reserved 1048576K
}
Event: 29.343 GC heap before
{Heap before GC invocations=42 (full 0):
 garbage-first heap   total reserved 2097152K, committed 280576K, used 243755K [0x0000000080000000, 0x0000000100000000)
  region size 1024K, 77 young (78848K), 3 survivors (3072K)
 Metaspace       used 145859K, committed 148544K, reserved 1179648K
  class space    used 19230K, committed 20480K, reserved 1048576K
}
Event: 29.349 GC heap after
{Heap after GC invocations=43 (full 0):
 garbage-first heap   total reserved 2097152K, committed 280576K, used 169917K [0x0000000080000000, 0x0000000100000000)
  region size 1024K, 6 young (6144K), 6 survivors (6144K)
 Metaspace       used 145859K, committed 148544K, reserved 1179648K
  class space    used 19230K, committed 20480K, reserved 1048576K
}

